<?xml version="1.0" encoding="UTF-8"?>
<testsuite name="org.example.AppTest" tests="1" skipped="0" failures="0" errors="0" timestamp="2024-08-27T06:50:53" hostname="MacBook-Pro-de-Andres.local" time="0.005">
  <properties/>
  <testcase name="appHasAGreeting()" classname="org.example.AppTest" time="0.005"/>
  <system-out><![CDATA[]]></system-out>
  <system-err><![CDATA[]]></system-err>
</testsuite>
